生成启动时间为 2015/6/4 10:41:01。
     1>项目“C:\Users\LiangQuan\Documents\Visual Studio 2013\Projects\EcoliSTL\EcoliSTL\EcoliSTL.vcxproj”在节点 2 上(Build 个目标)。
     1>ClCompile:
         C:\Program Files (x86)\Microsoft Visual Studio 12.0\VC\bin\CL.exe /c /ZI /nologo /W3 /WX- /sdl /Od /Oy- /D _MBCS /Gm /EHsc /RTC1 /MDd /GS /fp:precise /Zc:wchar_t /Zc:forScope /Fo"Debug\\" /Fd"Debug\vc120.pdb" /FR"Debug\\" /Gd /TP /analyze- /errorReport:prompt main.cpp
         main.cpp
       Link:
         C:\Program Files (x86)\Microsoft Visual Studio 12.0\VC\bin\link.exe /ERRORREPORT:PROMPT /OUT:"C:\Users\LiangQuan\Documents\Visual Studio 2013\Projects\EcoliSTL\Debug\EcSTL.exe" /INCREMENTAL /NOLOGO kernel32.lib user32.lib gdi32.lib winspool.lib comdlg32.lib advapi32.lib shell32.lib ole32.lib oleaut32.lib uuid.lib odbc32.lib odbccp32.lib /MANIFEST /MANIFESTUAC:"level='asInvoker' uiAccess='false'" /manifest:embed /DEBUG /PDB:"C:\Users\LiangQuan\Documents\Visual Studio 2013\Projects\EcoliSTL\Debug\EcSTL.pdb" /TLBID:1 /DYNAMICBASE /NXCOMPAT /IMPLIB:"C:\Users\LiangQuan\Documents\Visual Studio 2013\Projects\EcoliSTL\Debug\EcSTL.lib" /MACHINE:X86 Debug\EcSTL.res
         Debug\main.obj
         Debug\rb_tree_not_template.obj
         Debug\algorithm_test.obj
         Debug\deque_test.obj
         Debug\dheap_test.obj
         Debug\hash_table_test.obj
         Debug\priority_queue_test.obj
         Debug\stack_test.obj
         Debug\string_test.obj
         Debug\unordered_map_test.obj
         Debug\unordered_set_test.obj
         Debug\vector_test.obj
         Debug\list_test.obj
         EcoliSTL.vcxproj -> C:\Users\LiangQuan\Documents\Visual Studio 2013\Projects\EcoliSTL\Debug\EcSTL.exe
       BscMake:
         C:\Program Files (x86)\Microsoft Visual Studio 12.0\VC\bin\bscmake.exe /nologo /o"C:\Users\LiangQuan\Documents\Visual Studio 2013\Projects\EcoliSTL\Debug\EcSTL.bsc" /n Debug\main.sbr Debug\rb_tree_not_template.sbr Debug\algorithm_test.sbr Debug\deque_test.sbr Debug\dheap_test.sbr Debug\hash_table_test.sbr Debug\priority_queue_test.sbr Debug\stack_test.sbr Debug\string_test.sbr Debug\unordered_map_test.sbr Debug\unordered_set_test.sbr Debug\vector_test.sbr Debug\list_test.sbr
     1>已完成生成项目“C:\Users\LiangQuan\Documents\Visual Studio 2013\Projects\EcoliSTL\EcoliSTL\EcoliSTL.vcxproj”(Build 个目标)的操作。

生成成功。

已用时间 00:00:01.03
