c:\users\liangquan\documents\visual studio 2013\projects\ecolistl\debug\ecstl.bsc
c:\users\liangquan\documents\visual studio 2013\projects\ecolistl\ecolistl\debug\vc120.pdb
c:\users\liangquan\documents\visual studio 2013\projects\ecolistl\ecolistl\debug\vc120.idb
c:\users\liangquan\documents\visual studio 2013\projects\ecolistl\ecolistl\debug\main.obj
c:\users\liangquan\documents\visual studio 2013\projects\ecolistl\ecolistl\debug\vector_test.obj
c:\users\liangquan\documents\visual studio 2013\projects\ecolistl\ecolistl\debug\list_test.obj
c:\users\liangquan\documents\visual studio 2013\projects\ecolistl\ecolistl\debug\list_test.sbr
c:\users\liangquan\documents\visual studio 2013\projects\ecolistl\ecolistl\debug\vector_test.sbr
c:\users\liangquan\documents\visual studio 2013\projects\ecolistl\ecolistl\debug\main.sbr
c:\users\liangquan\documents\visual studio 2013\projects\ecolistl\debug\ecstl.ilk
c:\users\liangquan\documents\visual studio 2013\projects\ecolistl\debug\ecstl.exe
c:\users\liangquan\documents\visual studio 2013\projects\ecolistl\debug\ecstl.pdb
c:\users\liangquan\documents\visual studio 2013\projects\ecolistl\ecolistl\debug\ecstl.tlog\bscmake.command.1.tlog
c:\users\liangquan\documents\visual studio 2013\projects\ecolistl\ecolistl\debug\ecstl.tlog\bscmake.read.1.tlog
c:\users\liangquan\documents\visual studio 2013\projects\ecolistl\ecolistl\debug\ecstl.tlog\bscmake.write.1.tlog
c:\users\liangquan\documents\visual studio 2013\projects\ecolistl\ecolistl\debug\ecstl.tlog\cl.command.1.tlog
c:\users\liangquan\documents\visual studio 2013\projects\ecolistl\ecolistl\debug\ecstl.tlog\cl.read.1.tlog
c:\users\liangquan\documents\visual studio 2013\projects\ecolistl\ecolistl\debug\ecstl.tlog\cl.write.1.tlog
c:\users\liangquan\documents\visual studio 2013\projects\ecolistl\ecolistl\debug\ecstl.tlog\link.command.1.tlog
c:\users\liangquan\documents\visual studio 2013\projects\ecolistl\ecolistl\debug\ecstl.tlog\link.read.1.tlog
c:\users\liangquan\documents\visual studio 2013\projects\ecolistl\ecolistl\debug\ecstl.tlog\link.write.1.tlog
